<?xml version="1.0" encoding="UTF-8"?>
<testsuite name="petstore.Pet" tests="4" skipped="0" failures="0" errors="0" timestamp="2021-08-17T19:57:22" hostname="DESKTOP-8Q5R70V" time="7.486">
  <properties/>
  <testcase name="incluirPet" classname="petstore.Pet" time="3.139"/>
  <testcase name="consultarPet" classname="petstore.Pet" time="1.35"/>
  <testcase name="alterarPet" classname="petstore.Pet" time="1.446"/>
  <testcase name="excluirPet" classname="petstore.Pet" time="1.535"/>
  <system-out><![CDATA[Request method:	POST
Request URI:	https://petstore.swagger.io/v2/pet
Proxy:			<none>
Request params:	<none>
Query params:	<none>
Form params:	<none>
Path params:	<none>
Headers:		Accept=*/*
				Content-Type=application/json; charset=UTF-8
Cookies:		<none>
Multiparts:		<none>
Body:
{
    "id": 1980082251,
    "category": {
        "id": 1,
        "name": "AXER34JTLO"
    },
    "name": "thor",
    "photoUrls": [
        "string"
    ],
    "tags": [
        {
            "id": 20211208,
            "name": "sta"
        }
    ],
    "status": "available"
}
HTTP/1.1 200 OK
Date: Tue, 17 Aug 2021 19:57:00 GMT
Content-Type: application/json
Transfer-Encoding: chunked
Connection: keep-alive
Access-Control-Allow-Origin: *
Access-Control-Allow-Methods: GET, POST, DELETE, PUT
Access-Control-Allow-Headers: Content-Type, api_key, Authorization
Server: Jetty(9.2.9.v20150224)

{
    "id": 1980082251,
    "category": {
        "id": 1,
        "name": "AXER34JTLO"
    },
    "name": "thor",
    "photoUrls": [
        "string"
    ],
    "tags": [
        {
            "id": 20211208,
            "name": "sta"
        }
    ],
    "status": "available"
}
Request method:	GET
Request URI:	https://petstore.swagger.io/v2/pet/1980082251
Proxy:			<none>
Request params:	<none>
Query params:	<none>
Form params:	<none>
Path params:	<none>
Headers:		Accept=*/*
				Content-Type=applicatio/json; charset=ISO-8859-1
Cookies:		<none>
Multiparts:		<none>
Body:			<none>
HTTP/1.1 200 OK
Date: Tue, 17 Aug 2021 19:57:02 GMT
Content-Type: application/json
Transfer-Encoding: chunked
Connection: keep-alive
Access-Control-Allow-Origin: *
Access-Control-Allow-Methods: GET, POST, DELETE, PUT
Access-Control-Allow-Headers: Content-Type, api_key, Authorization
Server: Jetty(9.2.9.v20150224)

{
    "id": 1980082251,
    "category": {
        "id": 1,
        "name": "AXER34JTLO"
    },
    "name": "thor",
    "photoUrls": [
        "string"
    ],
    "tags": [
        {
            "id": 20211208,
            "name": "sta"
        }
    ],
    "status": "available"
}
O token é AXER34JTLO
Request method:	PUT
Request URI:	https://petstore.swagger.io/v2/pet
Proxy:			<none>
Request params:	<none>
Query params:	<none>
Form params:	<none>
Path params:	<none>
Headers:		Accept=*/*
				Content-Type=application/json; charset=UTF-8
Cookies:		<none>
Multiparts:		<none>
Body:
{
    "id": 1980082251,
    "category": {
        "id": 1,
        "name": "AXER34JTLO"
    },
    "name": "thor",
    "photoUrls": [
        "string"
    ],
    "tags": [
        {
            "id": 20211208,
            "name": "sta"
        }
    ],
    "status": "Sold"
}
HTTP/1.1 200 OK
Date: Tue, 17 Aug 2021 19:57:03 GMT
Content-Type: application/json
Transfer-Encoding: chunked
Connection: keep-alive
Access-Control-Allow-Origin: *
Access-Control-Allow-Methods: GET, POST, DELETE, PUT
Access-Control-Allow-Headers: Content-Type, api_key, Authorization
Server: Jetty(9.2.9.v20150224)

{
    "id": 1980082251,
    "category": {
        "id": 1,
        "name": "AXER34JTLO"
    },
    "name": "thor",
    "photoUrls": [
        "string"
    ],
    "tags": [
        {
            "id": 20211208,
            "name": "sta"
        }
    ],
    "status": "Sold"
}
Request method:	DELETE
Request URI:	https://petstore.swagger.io/v2/pet/1980082251
Proxy:			<none>
Request params:	<none>
Query params:	<none>
Form params:	<none>
Path params:	<none>
Headers:		Accept=*/*
				Content-Type=application/json; charset=UTF-8
Cookies:		<none>
Multiparts:		<none>
Body:			<none>
HTTP/1.1 200 OK
Date: Tue, 17 Aug 2021 19:57:05 GMT
Content-Type: application/json
Transfer-Encoding: chunked
Connection: keep-alive
Access-Control-Allow-Origin: *
Access-Control-Allow-Methods: GET, POST, DELETE, PUT
Access-Control-Allow-Headers: Content-Type, api_key, Authorization
Server: Jetty(9.2.9.v20150224)

{
    "code": 200,
    "type": "unknown",
    "message": "1980082251"
}
]]></system-out>
  <system-err><![CDATA[]]></system-err>
</testsuite>
